<?xml version="1.0" encoding="UTF-8" standalone="no"?>
<testsuite errors="0" failures="0" name="io.cucumber.core.plugin.JUnitFormatter" skipped="0" tests="1" time="2.422">
    <testcase classname="Checkbox Selection" name="Verify checkboxes can be selected and deselected" time="2.242">
        <system-out><![CDATA[Given I open the checkboxes page............................................passed
When I check the first checkbox.............................................passed
Then The first checkbox should be checked...................................passed
When I uncheck the second checkbox..........................................passed
Then The second checkbox should be unchecked................................passed
]]></system-out>
    </testcase>
</testsuite>
